<?xml version="1.0" encoding="UTF-8"?>
<testng-results ignored="0" total="2" passed="2" failed="0" skipped="0">
  <reporter-output>
  </reporter-output>
  <suite started-at="2023-08-17T22:41:28 IST" name="All Test Suite" finished-at="2023-08-17T22:41:28 IST" duration-ms="427">
    <groups>
    </groups>
    <test started-at="2023-08-17T22:41:28 IST" name="stepdefinitions/myStepdefs.java" finished-at="2023-08-17T22:41:28 IST" duration-ms="427">
      <class name="stepdefinitions.myStepdefs">
        <test-method signature="test1()[pri:0, instance:stepdefinitions.myStepdefs@40dd3977]" started-at="2023-08-17T22:41:28 IST" name="test1" finished-at="2023-08-17T22:41:28 IST" duration-ms="57" status="PASS">
          <reporter-output>
          </reporter-output>
        </test-method> <!-- test1 -->
        <test-method signature="test2()[pri:0, instance:stepdefinitions.myStepdefs@40dd3977]" started-at="2023-08-17T22:41:28 IST" name="test2" finished-at="2023-08-17T22:41:28 IST" duration-ms="5" status="PASS">
          <reporter-output>
          </reporter-output>
        </test-method> <!-- test2 -->
      </class> <!-- stepdefinitions.myStepdefs -->
    </test> <!-- stepdefinitions/myStepdefs.java -->
  </suite> <!-- All Test Suite -->
</testng-results>
